  dec2bin.cpp
  dec2bin.vcxproj -> C:\Users\79027\Desktop\ooplabs\dec2bin\x64\Debug\dec2bin.exe
  Running Tests
  good test1
  Сравнение файлов C:\USERS\79027\APPDATA\LOCAL\TEMP\out.txt и CORRECT1.TXT
  FC: различия не найдены
  
  good test2
  Сравнение файлов C:\USERS\79027\APPDATA\LOCAL\TEMP\out.txt и CORRECT2.TXT
  FC: различия не найдены
  
  good test3
  Сравнение файлов C:\USERS\79027\APPDATA\LOCAL\TEMP\out.txt и CORRECT3.TXT
  FC: различия не найдены
  
  input string
EXEC : warning : incorrect input. Enter number on decimal system.
  Сравнение файлов C:\USERS\79027\APPDATA\LOCAL\TEMP\out.txt и INCORRECT1.TXT
  ***** C:\USERS\79027\APPDATA\LOCAL\TEMP\out.txt
  ***** INCORRECT1.TXT
EXEC : warning : incorrect input. Enter number on decimal system.
  *****
  
  incorect arguements
EXEC : warning : program can have only one arguement - number in decimal system.
  Сравнение файлов C:\USERS\79027\APPDATA\LOCAL\TEMP\out.txt и INCORRECT2.TXT
  ***** C:\USERS\79027\APPDATA\LOCAL\TEMP\out.txt
  ***** INCORRECT2.TXT
EXEC : warning : program can have only one arguement - number in decimal system.
  *****
  
  All tests passed
